This file contains any messages produced by compilers while
running configure, to aid debugging if configure makes a mistake.

It was created by HTSlib configure 1.5, which was
generated by GNU Autoconf 2.68.  Invocation command line was

  $ ./configure --disable-lzma --disable-bz2 --disable-libcurl

## --------- ##
## Platform. ##
## --------- ##

hostname = UKCH-OLM-014205
uname -m = x86_64
uname -r = 16.6.0
uname -s = Darwin
uname -v = Darwin Kernel Version 16.6.0: Fri Apr 14 16:21:16 PDT 2017; root:xnu-3789.60.24~6/RELEASE_X86_64

/usr/bin/uname -p = i386
/bin/uname -X     = unknown

/bin/arch              = unknown
/usr/bin/arch -k       = unknown
/usr/convex/getsysinfo = unknown
/usr/bin/hostinfo      = Mach kernel version:
	 Darwin Kernel Version 16.6.0: Fri Apr 14 16:21:16 PDT 2017; root:xnu-3789.60.24~6/RELEASE_X86_64
Kernel configured for up to 4 processors.
2 processors are physically available.
4 processors are logically available.
Processor type: x86_64h (Intel x86-64h Haswell)
Processors active: 0 1 2 3
Primary memory available: 8.00 gigabytes
Default processor set: 287 tasks, 1777 threads, 4 processors
Load average: 2.34, Mach factor: 2.11
/bin/machine           = unknown
/usr/bin/oslevel       = unknown
/bin/universe          = unknown

PATH: /Users/joconnell/anaconda2/bin
PATH: /usr/local/bin
PATH: /usr/bin
PATH: /bin
PATH: /usr/sbin
PATH: /sbin
PATH: /opt/X11/bin
PATH: /Library/Frameworks/Mono.framework/Versions/Current/Commands
PATH: /Library/TeX/texbin


## ----------- ##
## Core tests. ##
## ----------- ##

configure:2135: checking for gcc
configure:2151: found /usr/bin/gcc
configure:2162: result: gcc
configure:2391: checking for C compiler version
configure:2400: gcc --version >&5
Apple LLVM version 8.1.0 (clang-802.0.42)
Target: x86_64-apple-darwin16.6.0
Thread model: posix
InstalledDir: /Library/Developer/CommandLineTools/usr/bin
Configured with: --prefix=/Library/Developer/CommandLineTools/usr --with-gxx-include-dir=/usr/include/c++/4.2.1
configure:2411: $? = 0
configure:2400: gcc -v >&5
Configured with: --prefix=/Library/Developer/CommandLineTools/usr --with-gxx-include-dir=/usr/include/c++/4.2.1
Apple LLVM version 8.1.0 (clang-802.0.42)
Target: x86_64-apple-darwin16.6.0
Thread model: posix
InstalledDir: /Library/Developer/CommandLineTools/usr/bin
configure:2411: $? = 0
configure:2400: gcc -V >&5
clang: error: argument to '-V' is missing (expected 1 value)
clang: error: no input files
configure:2411: $? = 1
configure:2400: gcc -qversion >&5
clang: error: unknown argument: '-qversion'
clang: error: no input files
configure:2411: $? = 1
configure:2431: checking whether the C compiler works
configure:2453: gcc    conftest.c  >&5
configure:2457: $? = 0
configure:2505: result: yes
configure:2508: checking for C compiler default output file name
configure:2510: result: a.out
configure:2516: checking for suffix of executables
configure:2523: gcc -o conftest    conftest.c  >&5
configure:2527: $? = 0
configure:2549: result: 
configure:2571: checking whether we are cross compiling
configure:2579: gcc -o conftest    conftest.c  >&5
configure:2583: $? = 0
configure:2590: ./conftest
configure:2594: $? = 0
configure:2609: result: no
configure:2614: checking for suffix of object files
configure:2636: gcc -c   conftest.c >&5
configure:2640: $? = 0
configure:2661: result: o
configure:2665: checking whether we are using the GNU C compiler
configure:2684: gcc -c   conftest.c >&5
configure:2684: $? = 0
configure:2693: result: yes
configure:2702: checking whether gcc accepts -g
configure:2722: gcc -c -g  conftest.c >&5
configure:2722: $? = 0
configure:2763: result: yes
configure:2780: checking for gcc option to accept ISO C89
configure:2844: gcc  -c -g -O2  conftest.c >&5
configure:2844: $? = 0
configure:2857: result: none needed
configure:2920: checking for ranlib
configure:2936: found /usr/bin/ranlib
configure:2947: result: ranlib
configure:3002: checking for special C compiler options needed for large files
configure:3047: result: no
configure:3053: checking for _FILE_OFFSET_BITS value needed for large files
configure:3078: gcc -c -g -O2  conftest.c >&5
configure:3078: $? = 0
configure:3110: result: no
configure:3254: checking shared library type
configure:3274: result: Darwin dylib
configure:3283: checking how to run the C preprocessor
configure:3314: gcc -E  conftest.c
configure:3314: $? = 0
configure:3328: gcc -E  conftest.c
conftest.c:9:10: fatal error: 'ac_nonexistent.h' file not found
#include <ac_nonexistent.h>
         ^
1 error generated.
configure:3328: $? = 1
configure: failed program was:
| /* confdefs.h */
| #define PACKAGE_NAME "HTSlib"
| #define PACKAGE_TARNAME "htslib"
| #define PACKAGE_VERSION "1.5"
| #define PACKAGE_STRING "HTSlib 1.5"
| #define PACKAGE_BUGREPORT "samtools-help@lists.sourceforge.net"
| #define PACKAGE_URL "http://www.htslib.org/"
| /* end confdefs.h.  */
| #include <ac_nonexistent.h>
configure:3353: result: gcc -E
configure:3373: gcc -E  conftest.c
configure:3373: $? = 0
configure:3387: gcc -E  conftest.c
conftest.c:9:10: fatal error: 'ac_nonexistent.h' file not found
#include <ac_nonexistent.h>
         ^
1 error generated.
configure:3387: $? = 1
configure: failed program was:
| /* confdefs.h */
| #define PACKAGE_NAME "HTSlib"
| #define PACKAGE_TARNAME "htslib"
| #define PACKAGE_VERSION "1.5"
| #define PACKAGE_STRING "HTSlib 1.5"
| #define PACKAGE_BUGREPORT "samtools-help@lists.sourceforge.net"
| #define PACKAGE_URL "http://www.htslib.org/"
| /* end confdefs.h.  */
| #include <ac_nonexistent.h>
configure:3416: checking for grep that handles long lines and -e
configure:3474: result: /usr/bin/grep
configure:3479: checking for egrep
configure:3541: result: /usr/bin/grep -E
configure:3546: checking for ANSI C header files
configure:3566: gcc -c -g -O2  conftest.c >&5
configure:3566: $? = 0
configure:3639: gcc -o conftest -g -O2   conftest.c  >&5
configure:3639: $? = 0
configure:3639: ./conftest
configure:3639: $? = 0
configure:3650: result: yes
configure:3663: checking for sys/types.h
configure:3663: gcc -c -g -O2  conftest.c >&5
configure:3663: $? = 0
configure:3663: result: yes
configure:3663: checking for sys/stat.h
configure:3663: gcc -c -g -O2  conftest.c >&5
configure:3663: $? = 0
configure:3663: result: yes
configure:3663: checking for stdlib.h
configure:3663: gcc -c -g -O2  conftest.c >&5
configure:3663: $? = 0
configure:3663: result: yes
configure:3663: checking for string.h
configure:3663: gcc -c -g -O2  conftest.c >&5
configure:3663: $? = 0
configure:3663: result: yes
configure:3663: checking for memory.h
configure:3663: gcc -c -g -O2  conftest.c >&5
configure:3663: $? = 0
configure:3663: result: yes
configure:3663: checking for strings.h
configure:3663: gcc -c -g -O2  conftest.c >&5
configure:3663: $? = 0
configure:3663: result: yes
configure:3663: checking for inttypes.h
configure:3663: gcc -c -g -O2  conftest.c >&5
configure:3663: $? = 0
configure:3663: result: yes
configure:3663: checking for stdint.h
configure:3663: gcc -c -g -O2  conftest.c >&5
configure:3663: $? = 0
configure:3663: result: yes
configure:3663: checking for unistd.h
configure:3663: gcc -c -g -O2  conftest.c >&5
configure:3663: $? = 0
configure:3663: result: yes
configure:3681: checking for stdlib.h
configure:3681: result: yes
configure:3681: checking for unistd.h
configure:3681: result: yes
configure:3681: checking for sys/param.h
configure:3681: gcc -c -g -O2  conftest.c >&5
configure:3681: $? = 0
configure:3681: result: yes
configure:3701: checking for getpagesize
configure:3701: gcc -o conftest -g -O2   conftest.c  >&5
configure:3701: $? = 0
configure:3701: result: yes
configure:3710: checking for working mmap
configure:3857: gcc -o conftest -g -O2   conftest.c  >&5
configure:3857: $? = 0
configure:3857: ./conftest
configure:3857: $? = 0
configure:3867: result: yes
configure:3878: checking for gmtime_r
configure:3878: gcc -o conftest -g -O2   conftest.c  >&5
configure:3878: $? = 0
configure:3878: result: yes
configure:3890: checking whether fdatasync is declared
configure:3890: gcc -c -g -O2  conftest.c >&5
conftest.c:65:10: error: use of undeclared identifier 'fdatasync'
  (void) fdatasync;
         ^
1 error generated.
configure:3890: $? = 1
configure: failed program was:
| /* confdefs.h */
| #define PACKAGE_NAME "HTSlib"
| #define PACKAGE_TARNAME "htslib"
| #define PACKAGE_VERSION "1.5"
| #define PACKAGE_STRING "HTSlib 1.5"
| #define PACKAGE_BUGREPORT "samtools-help@lists.sourceforge.net"
| #define PACKAGE_URL "http://www.htslib.org/"
| #define STDC_HEADERS 1
| #define HAVE_SYS_TYPES_H 1
| #define HAVE_SYS_STAT_H 1
| #define HAVE_STDLIB_H 1
| #define HAVE_STRING_H 1
| #define HAVE_MEMORY_H 1
| #define HAVE_STRINGS_H 1
| #define HAVE_INTTYPES_H 1
| #define HAVE_STDINT_H 1
| #define HAVE_UNISTD_H 1
| #define HAVE_STDLIB_H 1
| #define HAVE_UNISTD_H 1
| #define HAVE_SYS_PARAM_H 1
| #define HAVE_GETPAGESIZE 1
| #define HAVE_MMAP 1
| #define HAVE_GMTIME_R 1
| /* end confdefs.h.  */
| #include <stdio.h>
| #ifdef HAVE_SYS_TYPES_H
| # include <sys/types.h>
| #endif
| #ifdef HAVE_SYS_STAT_H
| # include <sys/stat.h>
| #endif
| #ifdef STDC_HEADERS
| # include <stdlib.h>
| # include <stddef.h>
| #else
| # ifdef HAVE_STDLIB_H
| #  include <stdlib.h>
| # endif
| #endif
| #ifdef HAVE_STRING_H
| # if !defined STDC_HEADERS && defined HAVE_MEMORY_H
| #  include <memory.h>
| # endif
| # include <string.h>
| #endif
| #ifdef HAVE_STRINGS_H
| # include <strings.h>
| #endif
| #ifdef HAVE_INTTYPES_H
| # include <inttypes.h>
| #endif
| #ifdef HAVE_STDINT_H
| # include <stdint.h>
| #endif
| #ifdef HAVE_UNISTD_H
| # include <unistd.h>
| #endif
| int
| main ()
| {
| #ifndef fdatasync
| #ifdef __cplusplus
|   (void) fdatasync((int) 0);
| #else
|   (void) fdatasync;
| #endif
| #endif
| 
|   ;
|   return 0;
| }
configure:3890: result: no
configure:3985: checking for library containing log
configure:4016: gcc -o conftest -g -O2   conftest.c  >&5
conftest.c:32:6: warning: incompatible redeclaration of library function 'log' [-Wincompatible-library-redeclaration]
char log ();
     ^
conftest.c:32:6: note: 'log' is a builtin with type 'double (double)'
1 warning generated.
configure:4016: $? = 0
configure:4033: result: none required
configure:4048: checking for zlib.h
configure:4048: gcc -c -g -O2  conftest.c >&5
configure:4048: $? = 0
configure:4048: result: yes
configure:4057: checking for inflate in -lz
configure:4082: gcc -o conftest -g -O2   conftest.c -lz   >&5
configure:4082: $? = 0
configure:4091: result: yes
configure:4118: checking for library containing connect
configure:4149: gcc -o conftest -g -O2   conftest.c -lz  >&5
configure:4149: $? = 0
configure:4166: result: none required
configure:4452: WARNING: GCS support not enabled: requires libcurl support
configure:4471: WARNING: S3 support not enabled: requires libcurl support
configure:4576: checking whether PTHREAD_MUTEX_RECURSIVE is declared
configure:4576: gcc -c -g -O2  conftest.c >&5
configure:4576: $? = 0
configure:4576: result: yes
configure:4716: creating ./config.status

## ---------------------- ##
## Running config.status. ##
## ---------------------- ##

This file was extended by HTSlib config.status 1.5, which was
generated by GNU Autoconf 2.68.  Invocation command line was

  CONFIG_FILES    = 
  CONFIG_HEADERS  = 
  CONFIG_LINKS    = 
  CONFIG_COMMANDS = 
  $ ./config.status 

on UKCH-OLM-014205

config.status:832: creating config.mk
config.status:832: creating htslib.pc.tmp
config.status:832: creating config.h

## ---------------- ##
## Cache variables. ##
## ---------------- ##

ac_cv_c_compiler_gnu=yes
ac_cv_env_CC_set=
ac_cv_env_CC_value=
ac_cv_env_CFLAGS_set=
ac_cv_env_CFLAGS_value=
ac_cv_env_CPPFLAGS_set=
ac_cv_env_CPPFLAGS_value=
ac_cv_env_CPP_set=
ac_cv_env_CPP_value=
ac_cv_env_LDFLAGS_set=
ac_cv_env_LDFLAGS_value=
ac_cv_env_LIBS_set=
ac_cv_env_LIBS_value=
ac_cv_env_build_alias_set=
ac_cv_env_build_alias_value=
ac_cv_env_host_alias_set=
ac_cv_env_host_alias_value=
ac_cv_env_target_alias_set=
ac_cv_env_target_alias_value=
ac_cv_func_getpagesize=yes
ac_cv_func_gmtime_r=yes
ac_cv_func_mmap_fixed_mapped=yes
ac_cv_have_decl_PTHREAD_MUTEX_RECURSIVE=yes
ac_cv_have_decl_fdatasync_int_=no
ac_cv_header_inttypes_h=yes
ac_cv_header_memory_h=yes
ac_cv_header_stdc=yes
ac_cv_header_stdint_h=yes
ac_cv_header_stdlib_h=yes
ac_cv_header_string_h=yes
ac_cv_header_strings_h=yes
ac_cv_header_sys_param_h=yes
ac_cv_header_sys_stat_h=yes
ac_cv_header_sys_types_h=yes
ac_cv_header_unistd_h=yes
ac_cv_header_zlib_h=yes
ac_cv_lib_z_inflate=yes
ac_cv_objext=o
ac_cv_path_EGREP='/usr/bin/grep -E'
ac_cv_path_GREP=/usr/bin/grep
ac_cv_prog_CPP='gcc -E'
ac_cv_prog_ac_ct_CC=gcc
ac_cv_prog_ac_ct_RANLIB=ranlib
ac_cv_prog_cc_c89=
ac_cv_prog_cc_g=yes
ac_cv_search_connect='none required'
ac_cv_search_log='none required'
ac_cv_sys_file_offset_bits=no
ac_cv_sys_largefile_CC=no

## ----------------- ##
## Output variables. ##
## ----------------- ##

CC='gcc'
CFLAGS='-g -O2'
CPP='gcc -E'
CPPFLAGS=''
CRYPTO_LIBS=''
DEFS='-DHAVE_CONFIG_H'
ECHO_C='\c'
ECHO_N=''
ECHO_T=''
EGREP='/usr/bin/grep -E'
EXEEXT=''
GREP='/usr/bin/grep'
LDFLAGS=''
LIBOBJS=''
LIBS='-lz '
LTLIBOBJS=''
OBJEXT='o'
PACKAGE_BUGREPORT='samtools-help@lists.sourceforge.net'
PACKAGE_NAME='HTSlib'
PACKAGE_STRING='HTSlib 1.5'
PACKAGE_TARNAME='htslib'
PACKAGE_URL='http://www.htslib.org/'
PACKAGE_VERSION='1.5'
PATH_SEPARATOR=':'
PLATFORM='Darwin'
PLUGIN_EXT='.bundle'
RANLIB='ranlib'
SHELL='/bin/sh'
ac_ct_CC='gcc'
bindir='${exec_prefix}/bin'
build_alias=''
datadir='${datarootdir}'
datarootdir='${prefix}/share'
docdir='${datarootdir}/doc/${PACKAGE_TARNAME}'
dvidir='${docdir}'
enable_plugins='no'
exec_prefix='${prefix}'
gcs='disabled'
host_alias='unknown-Darwin'
htmldir='${docdir}'
includedir='${prefix}/include'
infodir='${datarootdir}/info'
libcurl='disabled'
libdir='${exec_prefix}/lib'
libexecdir='${exec_prefix}/libexec'
localedir='${datarootdir}/locale'
localstatedir='${prefix}/var'
mandir='${datarootdir}/man'
oldincludedir='/usr/include'
pc_requires=''
pdfdir='${docdir}'
plugindir='$(libexecdir)/htslib'
pluginpath='$(libexecdir)/htslib'
prefix='/usr/local'
private_LIBS=''
program_transform_name='s,x,x,'
psdir='${docdir}'
s3='disabled'
sbindir='${exec_prefix}/sbin'
sharedstatedir='${prefix}/com'
static_LDFLAGS=''
static_LIBS='-lz -lm'
sysconfdir='${prefix}/etc'
target_alias=''

## ----------- ##
## confdefs.h. ##
## ----------- ##

/* confdefs.h */
#define PACKAGE_NAME "HTSlib"
#define PACKAGE_TARNAME "htslib"
#define PACKAGE_VERSION "1.5"
#define PACKAGE_STRING "HTSlib 1.5"
#define PACKAGE_BUGREPORT "samtools-help@lists.sourceforge.net"
#define PACKAGE_URL "http://www.htslib.org/"
#define STDC_HEADERS 1
#define HAVE_SYS_TYPES_H 1
#define HAVE_SYS_STAT_H 1
#define HAVE_STDLIB_H 1
#define HAVE_STRING_H 1
#define HAVE_MEMORY_H 1
#define HAVE_STRINGS_H 1
#define HAVE_INTTYPES_H 1
#define HAVE_STDINT_H 1
#define HAVE_UNISTD_H 1
#define HAVE_STDLIB_H 1
#define HAVE_UNISTD_H 1
#define HAVE_SYS_PARAM_H 1
#define HAVE_GETPAGESIZE 1
#define HAVE_MMAP 1
#define HAVE_GMTIME_R 1
#define HAVE_LIBZ 1

configure: exit 0
