This file contains any messages produced by compilers while
running configure, to aid debugging if configure makes a mistake.

It was created by HTSlib configure 1.6, which was
generated by GNU Autoconf 2.68.  Invocation command line was

  $ ./configure --disable-lzma --disable-bz2

## --------- ##
## Platform. ##
## --------- ##

hostname = joconnnell-home
uname -m = x86_64
uname -r = 4.13.0-16-generic
uname -s = Linux
uname -v = #19-Ubuntu SMP Wed Oct 11 18:35:14 UTC 2017

/usr/bin/uname -p = unknown
/bin/uname -X     = unknown

/bin/arch              = unknown
/usr/bin/arch -k       = unknown
/usr/convex/getsysinfo = unknown
/usr/bin/hostinfo      = unknown
/bin/machine           = unknown
/usr/bin/oslevel       = unknown
/bin/universe          = unknown

PATH: /usr/local/sbin
PATH: /usr/local/bin
PATH: /usr/sbin
PATH: /usr/bin
PATH: /sbin
PATH: /bin
PATH: /usr/games
PATH: /usr/local/games
PATH: /snap/bin


## ----------- ##
## Core tests. ##
## ----------- ##

configure:2135: checking for gcc
configure:2151: found /usr/bin/gcc
configure:2162: result: gcc
configure:2391: checking for C compiler version
configure:2400: gcc --version >&5
gcc (Ubuntu 7.2.0-8ubuntu3) 7.2.0
Copyright (C) 2017 Free Software Foundation, Inc.
This is free software; see the source for copying conditions.  There is NO
warranty; not even for MERCHANTABILITY or FITNESS FOR A PARTICULAR PURPOSE.

configure:2411: $? = 0
configure:2400: gcc -v >&5
Using built-in specs.
COLLECT_GCC=gcc
COLLECT_LTO_WRAPPER=/usr/lib/gcc/x86_64-linux-gnu/7/lto-wrapper
OFFLOAD_TARGET_NAMES=nvptx-none
OFFLOAD_TARGET_DEFAULT=1
Target: x86_64-linux-gnu
Configured with: ../src/configure -v --with-pkgversion='Ubuntu 7.2.0-8ubuntu3' --with-bugurl=file:///usr/share/doc/gcc-7/README.Bugs --enable-languages=c,ada,c++,go,brig,d,fortran,objc,obj-c++ --prefix=/usr --with-gcc-major-version-only --program-suffix=-7 --program-prefix=x86_64-linux-gnu- --enable-shared --enable-linker-build-id --libexecdir=/usr/lib --without-included-gettext --enable-threads=posix --libdir=/usr/lib --enable-nls --with-sysroot=/ --enable-clocale=gnu --enable-libstdcxx-debug --enable-libstdcxx-time=yes --with-default-libstdcxx-abi=new --enable-gnu-unique-object --disable-vtable-verify --enable-libmpx --enable-plugin --enable-default-pie --with-system-zlib --with-target-system-zlib --enable-objc-gc=auto --enable-multiarch --disable-werror --with-arch-32=i686 --with-abi=m64 --with-multilib-list=m32,m64,mx32 --enable-multilib --with-tune=generic --enable-offload-targets=nvptx-none --without-cuda-driver --enable-checking=release --build=x86_64-linux-gnu --host=x86_64-linux-gnu --target=x86_64-linux-gnu
Thread model: posix
gcc version 7.2.0 (Ubuntu 7.2.0-8ubuntu3) 
configure:2411: $? = 0
configure:2400: gcc -V >&5
gcc: error: unrecognized command line option '-V'
gcc: fatal error: no input files
compilation terminated.
configure:2411: $? = 1
configure:2400: gcc -qversion >&5
gcc: error: unrecognized command line option '-qversion'; did you mean '--version'?
gcc: fatal error: no input files
compilation terminated.
configure:2411: $? = 1
configure:2431: checking whether the C compiler works
configure:2453: gcc    conftest.c  >&5
configure:2457: $? = 0
configure:2505: result: yes
configure:2508: checking for C compiler default output file name
configure:2510: result: a.out
configure:2516: checking for suffix of executables
configure:2523: gcc -o conftest    conftest.c  >&5
configure:2527: $? = 0
configure:2549: result: 
configure:2571: checking whether we are cross compiling
configure:2579: gcc -o conftest    conftest.c  >&5
configure:2583: $? = 0
configure:2590: ./conftest
configure:2594: $? = 0
configure:2609: result: no
configure:2614: checking for suffix of object files
configure:2636: gcc -c   conftest.c >&5
configure:2640: $? = 0
configure:2661: result: o
configure:2665: checking whether we are using the GNU C compiler
configure:2684: gcc -c   conftest.c >&5
configure:2684: $? = 0
configure:2693: result: yes
configure:2702: checking whether gcc accepts -g
configure:2722: gcc -c -g  conftest.c >&5
configure:2722: $? = 0
configure:2763: result: yes
configure:2780: checking for gcc option to accept ISO C89
configure:2844: gcc  -c -g -O2  conftest.c >&5
configure:2844: $? = 0
configure:2857: result: none needed
configure:2920: checking for ranlib
configure:2936: found /usr/bin/ranlib
configure:2947: result: ranlib
configure:3002: checking for special C compiler options needed for large files
configure:3047: result: no
configure:3053: checking for _FILE_OFFSET_BITS value needed for large files
configure:3078: gcc -c -g -O2  conftest.c >&5
configure:3078: $? = 0
configure:3110: result: no
configure:3193: checking for _LARGEFILE_SOURCE value needed for large files
configure:3212: gcc -o conftest -g -O2   conftest.c  >&5
configure:3212: $? = 0
configure:3240: result: no
configure:3323: checking shared library type for unknown-Linux
configure:3351: result: plain .so
configure:3360: checking how to run the C preprocessor
configure:3391: gcc -E  conftest.c
configure:3391: $? = 0
configure:3405: gcc -E  conftest.c
conftest.c:10:10: fatal error: ac_nonexistent.h: No such file or directory
 #include <ac_nonexistent.h>
          ^~~~~~~~~~~~~~~~~~
compilation terminated.
configure:3405: $? = 1
configure: failed program was:
| /* confdefs.h */
| #define PACKAGE_NAME "HTSlib"
| #define PACKAGE_TARNAME "htslib"
| #define PACKAGE_VERSION "1.6"
| #define PACKAGE_STRING "HTSlib 1.6"
| #define PACKAGE_BUGREPORT "samtools-help@lists.sourceforge.net"
| #define PACKAGE_URL "http://www.htslib.org/"
| #define HAVE_FSEEKO 1
| /* end confdefs.h.  */
| #include <ac_nonexistent.h>
configure:3430: result: gcc -E
configure:3450: gcc -E  conftest.c
configure:3450: $? = 0
configure:3464: gcc -E  conftest.c
conftest.c:10:10: fatal error: ac_nonexistent.h: No such file or directory
 #include <ac_nonexistent.h>
          ^~~~~~~~~~~~~~~~~~
compilation terminated.
configure:3464: $? = 1
configure: failed program was:
| /* confdefs.h */
| #define PACKAGE_NAME "HTSlib"
| #define PACKAGE_TARNAME "htslib"
| #define PACKAGE_VERSION "1.6"
| #define PACKAGE_STRING "HTSlib 1.6"
| #define PACKAGE_BUGREPORT "samtools-help@lists.sourceforge.net"
| #define PACKAGE_URL "http://www.htslib.org/"
| #define HAVE_FSEEKO 1
| /* end confdefs.h.  */
| #include <ac_nonexistent.h>
configure:3493: checking for grep that handles long lines and -e
configure:3551: result: /bin/grep
configure:3556: checking for egrep
configure:3618: result: /bin/grep -E
configure:3623: checking for ANSI C header files
configure:3643: gcc -c -g -O2  conftest.c >&5
configure:3643: $? = 0
configure:3716: gcc -o conftest -g -O2   conftest.c  >&5
configure:3716: $? = 0
configure:3716: ./conftest
configure:3716: $? = 0
configure:3727: result: yes
configure:3740: checking for sys/types.h
configure:3740: gcc -c -g -O2  conftest.c >&5
configure:3740: $? = 0
configure:3740: result: yes
configure:3740: checking for sys/stat.h
configure:3740: gcc -c -g -O2  conftest.c >&5
configure:3740: $? = 0
configure:3740: result: yes
configure:3740: checking for stdlib.h
configure:3740: gcc -c -g -O2  conftest.c >&5
configure:3740: $? = 0
configure:3740: result: yes
configure:3740: checking for string.h
configure:3740: gcc -c -g -O2  conftest.c >&5
configure:3740: $? = 0
configure:3740: result: yes
configure:3740: checking for memory.h
configure:3740: gcc -c -g -O2  conftest.c >&5
configure:3740: $? = 0
configure:3740: result: yes
configure:3740: checking for strings.h
configure:3740: gcc -c -g -O2  conftest.c >&5
configure:3740: $? = 0
configure:3740: result: yes
configure:3740: checking for inttypes.h
configure:3740: gcc -c -g -O2  conftest.c >&5
configure:3740: $? = 0
configure:3740: result: yes
configure:3740: checking for stdint.h
configure:3740: gcc -c -g -O2  conftest.c >&5
configure:3740: $? = 0
configure:3740: result: yes
configure:3740: checking for unistd.h
configure:3740: gcc -c -g -O2  conftest.c >&5
configure:3740: $? = 0
configure:3740: result: yes
configure:3758: checking for stdlib.h
configure:3758: result: yes
configure:3758: checking for unistd.h
configure:3758: result: yes
configure:3758: checking for sys/param.h
configure:3758: gcc -c -g -O2  conftest.c >&5
configure:3758: $? = 0
configure:3758: result: yes
configure:3778: checking for getpagesize
configure:3778: gcc -o conftest -g -O2   conftest.c  >&5
configure:3778: $? = 0
configure:3778: result: yes
configure:3787: checking for working mmap
configure:3934: gcc -o conftest -g -O2   conftest.c  >&5
configure:3934: $? = 0
configure:3934: ./conftest
configure:3934: $? = 0
configure:3944: result: yes
configure:3956: checking for gmtime_r
configure:3956: gcc -o conftest -g -O2   conftest.c  >&5
configure:3956: $? = 0
configure:3956: result: yes
configure:3956: checking for fsync
configure:3956: gcc -o conftest -g -O2   conftest.c  >&5
configure:3956: $? = 0
configure:3956: result: yes
configure:3956: checking for drand48
configure:3956: gcc -o conftest -g -O2   conftest.c  >&5
configure:3956: $? = 0
configure:3956: result: yes
configure:3968: checking whether fdatasync is declared
configure:3968: gcc -c -g -O2  conftest.c >&5
configure:3968: $? = 0
configure:3968: result: yes
configure:3972: checking for fdatasync
configure:3972: gcc -o conftest -g -O2   conftest.c  >&5
configure:3972: $? = 0
configure:3972: result: yes
configure:4063: checking for library containing log
configure:4094: gcc -o conftest -g -O2   conftest.c  >&5
conftest.c:36:6: warning: conflicting types for built-in function 'log' [-Wbuiltin-declaration-mismatch]
 char log ();
      ^~~
/tmp/ccOK3sNW.o: In function `main':
/home/joconnnell/workspace/akt/htslib-1.6/conftest.c:40: undefined reference to `log'
collect2: error: ld returned 1 exit status
configure:4094: $? = 1
configure: failed program was:
| /* confdefs.h */
| #define PACKAGE_NAME "HTSlib"
| #define PACKAGE_TARNAME "htslib"
| #define PACKAGE_VERSION "1.6"
| #define PACKAGE_STRING "HTSlib 1.6"
| #define PACKAGE_BUGREPORT "samtools-help@lists.sourceforge.net"
| #define PACKAGE_URL "http://www.htslib.org/"
| #define HAVE_FSEEKO 1
| #define STDC_HEADERS 1
| #define HAVE_SYS_TYPES_H 1
| #define HAVE_SYS_STAT_H 1
| #define HAVE_STDLIB_H 1
| #define HAVE_STRING_H 1
| #define HAVE_MEMORY_H 1
| #define HAVE_STRINGS_H 1
| #define HAVE_INTTYPES_H 1
| #define HAVE_STDINT_H 1
| #define HAVE_UNISTD_H 1
| #define HAVE_STDLIB_H 1
| #define HAVE_UNISTD_H 1
| #define HAVE_SYS_PARAM_H 1
| #define HAVE_GETPAGESIZE 1
| #define HAVE_MMAP 1
| #define HAVE_GMTIME_R 1
| #define HAVE_FSYNC 1
| #define HAVE_DRAND48 1
| #define HAVE_FDATASYNC 1
| /* end confdefs.h.  */
| 
| /* Override any GCC internal prototype to avoid an error.
|    Use char because int might match the return type of a GCC
|    builtin and then its argument prototype would still apply.  */
| #ifdef __cplusplus
| extern "C"
| #endif
| char log ();
| int
| main ()
| {
| return log ();
|   ;
|   return 0;
| }
configure:4094: gcc -o conftest -g -O2   conftest.c -lm   >&5
conftest.c:36:6: warning: conflicting types for built-in function 'log' [-Wbuiltin-declaration-mismatch]
 char log ();
      ^~~
configure:4094: $? = 0
configure:4111: result: -lm
configure:4126: checking for zlib.h
configure:4126: gcc -c -g -O2  conftest.c >&5
configure:4126: $? = 0
configure:4126: result: yes
configure:4135: checking for inflate in -lz
configure:4160: gcc -o conftest -g -O2   conftest.c -lz  -lm  >&5
configure:4160: $? = 0
configure:4169: result: yes
configure:4195: checking for library containing recv
configure:4226: gcc -o conftest -g -O2   conftest.c -lz -lm  >&5
configure:4226: $? = 0
configure:4243: result: none required
configure:4416: checking for curl_easy_pause in -lcurl
configure:4441: gcc -o conftest -g -O2   conftest.c -lcurl  -lz -lm  >&5
/usr/bin/ld: cannot find -lcurl
collect2: error: ld returned 1 exit status
configure:4441: $? = 1
configure: failed program was:
| /* confdefs.h */
| #define PACKAGE_NAME "HTSlib"
| #define PACKAGE_TARNAME "htslib"
| #define PACKAGE_VERSION "1.6"
| #define PACKAGE_STRING "HTSlib 1.6"
| #define PACKAGE_BUGREPORT "samtools-help@lists.sourceforge.net"
| #define PACKAGE_URL "http://www.htslib.org/"
| #define HAVE_FSEEKO 1
| #define STDC_HEADERS 1
| #define HAVE_SYS_TYPES_H 1
| #define HAVE_SYS_STAT_H 1
| #define HAVE_STDLIB_H 1
| #define HAVE_STRING_H 1
| #define HAVE_MEMORY_H 1
| #define HAVE_STRINGS_H 1
| #define HAVE_INTTYPES_H 1
| #define HAVE_STDINT_H 1
| #define HAVE_UNISTD_H 1
| #define HAVE_STDLIB_H 1
| #define HAVE_UNISTD_H 1
| #define HAVE_SYS_PARAM_H 1
| #define HAVE_GETPAGESIZE 1
| #define HAVE_MMAP 1
| #define HAVE_GMTIME_R 1
| #define HAVE_FSYNC 1
| #define HAVE_DRAND48 1
| #define HAVE_FDATASYNC 1
| #define HAVE_LIBZ 1
| /* end confdefs.h.  */
| 
| /* Override any GCC internal prototype to avoid an error.
|    Use char because int might match the return type of a GCC
|    builtin and then its argument prototype would still apply.  */
| #ifdef __cplusplus
| extern "C"
| #endif
| char curl_easy_pause ();
| int
| main ()
| {
| return curl_easy_pause ();
|   ;
|   return 0;
| }
configure:4450: result: no
configure:4458: checking for curl_easy_init in -lcurl
configure:4483: gcc -o conftest -g -O2   conftest.c -lcurl  -lz -lm  >&5
/usr/bin/ld: cannot find -lcurl
collect2: error: ld returned 1 exit status
configure:4483: $? = 1
configure: failed program was:
| /* confdefs.h */
| #define PACKAGE_NAME "HTSlib"
| #define PACKAGE_TARNAME "htslib"
| #define PACKAGE_VERSION "1.6"
| #define PACKAGE_STRING "HTSlib 1.6"
| #define PACKAGE_BUGREPORT "samtools-help@lists.sourceforge.net"
| #define PACKAGE_URL "http://www.htslib.org/"
| #define HAVE_FSEEKO 1
| #define STDC_HEADERS 1
| #define HAVE_SYS_TYPES_H 1
| #define HAVE_SYS_STAT_H 1
| #define HAVE_STDLIB_H 1
| #define HAVE_STRING_H 1
| #define HAVE_MEMORY_H 1
| #define HAVE_STRINGS_H 1
| #define HAVE_INTTYPES_H 1
| #define HAVE_STDINT_H 1
| #define HAVE_UNISTD_H 1
| #define HAVE_STDLIB_H 1
| #define HAVE_UNISTD_H 1
| #define HAVE_SYS_PARAM_H 1
| #define HAVE_GETPAGESIZE 1
| #define HAVE_MMAP 1
| #define HAVE_GMTIME_R 1
| #define HAVE_FSYNC 1
| #define HAVE_DRAND48 1
| #define HAVE_FDATASYNC 1
| #define HAVE_LIBZ 1
| /* end confdefs.h.  */
| 
| /* Override any GCC internal prototype to avoid an error.
|    Use char because int might match the return type of a GCC
|    builtin and then its argument prototype would still apply.  */
| #ifdef __cplusplus
| extern "C"
| #endif
| char curl_easy_init ();
| int
| main ()
| {
| return curl_easy_init ();
|   ;
|   return 0;
| }
configure:4492: result: no
configure:4501: WARNING: libcurl not enabled: library not found
configure:4534: WARNING: GCS support not enabled: requires libcurl support
configure:4553: WARNING: S3 support not enabled: requires libcurl support
configure:4658: checking whether PTHREAD_MUTEX_RECURSIVE is declared
configure:4658: gcc -c -g -O2  conftest.c >&5
configure:4658: $? = 0
configure:4658: result: yes
configure:4798: creating ./config.status

## ---------------------- ##
## Running config.status. ##
## ---------------------- ##

This file was extended by HTSlib config.status 1.6, which was
generated by GNU Autoconf 2.68.  Invocation command line was

  CONFIG_FILES    = 
  CONFIG_HEADERS  = 
  CONFIG_LINKS    = 
  CONFIG_COMMANDS = 
  $ ./config.status 

on joconnnell-home

config.status:836: creating config.mk
config.status:836: creating htslib.pc.tmp
config.status:836: creating config.h

## ---------------- ##
## Cache variables. ##
## ---------------- ##

ac_cv_c_compiler_gnu=yes
ac_cv_env_CC_set=
ac_cv_env_CC_value=
ac_cv_env_CFLAGS_set=
ac_cv_env_CFLAGS_value=
ac_cv_env_CPPFLAGS_set=
ac_cv_env_CPPFLAGS_value=
ac_cv_env_CPP_set=
ac_cv_env_CPP_value=
ac_cv_env_LDFLAGS_set=
ac_cv_env_LDFLAGS_value=
ac_cv_env_LIBS_set=
ac_cv_env_LIBS_value=
ac_cv_env_build_alias_set=
ac_cv_env_build_alias_value=
ac_cv_env_host_alias_set=
ac_cv_env_host_alias_value=
ac_cv_env_target_alias_set=
ac_cv_env_target_alias_value=
ac_cv_func_drand48=yes
ac_cv_func_fdatasync=yes
ac_cv_func_fsync=yes
ac_cv_func_getpagesize=yes
ac_cv_func_gmtime_r=yes
ac_cv_func_mmap_fixed_mapped=yes
ac_cv_have_decl_PTHREAD_MUTEX_RECURSIVE=yes
ac_cv_have_decl_fdatasync_int_=yes
ac_cv_header_inttypes_h=yes
ac_cv_header_memory_h=yes
ac_cv_header_stdc=yes
ac_cv_header_stdint_h=yes
ac_cv_header_stdlib_h=yes
ac_cv_header_string_h=yes
ac_cv_header_strings_h=yes
ac_cv_header_sys_param_h=yes
ac_cv_header_sys_stat_h=yes
ac_cv_header_sys_types_h=yes
ac_cv_header_unistd_h=yes
ac_cv_header_zlib_h=yes
ac_cv_lib_curl_curl_easy_init=no
ac_cv_lib_curl_curl_easy_pause=no
ac_cv_lib_z_inflate=yes
ac_cv_objext=o
ac_cv_path_EGREP='/bin/grep -E'
ac_cv_path_GREP=/bin/grep
ac_cv_prog_CPP='gcc -E'
ac_cv_prog_ac_ct_CC=gcc
ac_cv_prog_ac_ct_RANLIB=ranlib
ac_cv_prog_cc_c89=
ac_cv_prog_cc_g=yes
ac_cv_search_log=-lm
ac_cv_search_recv='none required'
ac_cv_sys_file_offset_bits=no
ac_cv_sys_largefile_CC=no
ac_cv_sys_largefile_source=no

## ----------------- ##
## Output variables. ##
## ----------------- ##

CC='gcc'
CFLAGS='-g -O2'
CPP='gcc -E'
CPPFLAGS=''
CRYPTO_LIBS=''
DEFS='-DHAVE_CONFIG_H'
ECHO_C=''
ECHO_N='-n'
ECHO_T=''
EGREP='/bin/grep -E'
EXEEXT=''
GREP='/bin/grep'
LDFLAGS=''
LIBOBJS=''
LIBS='-lz -lm '
LTLIBOBJS=''
OBJEXT='o'
PACKAGE_BUGREPORT='samtools-help@lists.sourceforge.net'
PACKAGE_NAME='HTSlib'
PACKAGE_STRING='HTSlib 1.6'
PACKAGE_TARNAME='htslib'
PACKAGE_URL='http://www.htslib.org/'
PACKAGE_VERSION='1.6'
PATH_SEPARATOR=':'
PLATFORM='default'
PLUGIN_EXT='.so'
RANLIB='ranlib'
SHELL='/bin/bash'
ac_ct_CC='gcc'
bindir='${exec_prefix}/bin'
build_alias=''
datadir='${datarootdir}'
datarootdir='${prefix}/share'
docdir='${datarootdir}/doc/${PACKAGE_TARNAME}'
dvidir='${docdir}'
enable_plugins='no'
exec_prefix='${prefix}'
gcs='disabled'
host_alias='unknown-Linux'
htmldir='${docdir}'
includedir='${prefix}/include'
infodir='${datarootdir}/info'
libcurl='disabled'
libdir='${exec_prefix}/lib'
libexecdir='${exec_prefix}/libexec'
localedir='${datarootdir}/locale'
localstatedir='${prefix}/var'
mandir='${datarootdir}/man'
oldincludedir='/usr/include'
pc_requires=''
pdfdir='${docdir}'
plugindir='$(libexecdir)/htslib'
pluginpath='$(libexecdir)/htslib'
prefix='/usr/local'
private_LIBS=''
program_transform_name='s,x,x,'
psdir='${docdir}'
s3='disabled'
sbindir='${exec_prefix}/sbin'
sharedstatedir='${prefix}/com'
static_LDFLAGS=''
static_LIBS='-lz -lm'
sysconfdir='${prefix}/etc'
target_alias=''

## ----------- ##
## confdefs.h. ##
## ----------- ##

/* confdefs.h */
#define PACKAGE_NAME "HTSlib"
#define PACKAGE_TARNAME "htslib"
#define PACKAGE_VERSION "1.6"
#define PACKAGE_STRING "HTSlib 1.6"
#define PACKAGE_BUGREPORT "samtools-help@lists.sourceforge.net"
#define PACKAGE_URL "http://www.htslib.org/"
#define HAVE_FSEEKO 1
#define STDC_HEADERS 1
#define HAVE_SYS_TYPES_H 1
#define HAVE_SYS_STAT_H 1
#define HAVE_STDLIB_H 1
#define HAVE_STRING_H 1
#define HAVE_MEMORY_H 1
#define HAVE_STRINGS_H 1
#define HAVE_INTTYPES_H 1
#define HAVE_STDINT_H 1
#define HAVE_UNISTD_H 1
#define HAVE_STDLIB_H 1
#define HAVE_UNISTD_H 1
#define HAVE_SYS_PARAM_H 1
#define HAVE_GETPAGESIZE 1
#define HAVE_MMAP 1
#define HAVE_GMTIME_R 1
#define HAVE_FSYNC 1
#define HAVE_DRAND48 1
#define HAVE_FDATASYNC 1
#define HAVE_LIBZ 1

configure: exit 0
